SF:lib/src/models/lat_lng.dart
DA:2,1
LF:1
LH:1
end_of_record
SF:lib/src/open_notify_client.dart
DA:8,1
DA:10,1
DA:16,1
DA:17,1
DA:22,2
DA:24,2
DA:25,1
DA:28,2
DA:30,2
DA:31,1
DA:34,1
DA:37,1
DA:39,1
DA:44,2
DA:46,2
DA:47,1
DA:50,2
DA:52,2
DA:53,1
DA:56,1
DA:57,3
DA:58,1
LF:22
LH:22
end_of_record
SF:lib/src/models/iss_location_map.dart
DA:4,1
DA:12,1
DA:13,1
DA:14,2
DA:15,1
DA:16,3
DA:17,3
LF:7
LH:7
end_of_record
SF:lib/src/models/people_in_space.dart
DA:2,1
DA:10,1
DA:11,1
DA:12,1
DA:13,1
LF:5
LH:5
end_of_record
