SF:lib\app\data\models\people_in_space_model.dart
DA:4,4
DA:7,4
DA:12,3
DA:13,3
DA:14,3
DA:15,3
DA:19,2
DA:20,2
DA:21,2
DA:22,2
LF:10
LH:10
end_of_record
SF:lib\app\domain\entities\people_in_space_entity.dart
DA:7,9
DA:12,1
DA:13,3
LF:3
LH:3
end_of_record
SF:lib\app\data\models\iss_location_map_model.dart
DA:5,2
DA:8,2
LF:2
LH:2
end_of_record
SF:lib\app\data\repositories\iss_location_map_repository.dart
DA:13,1
DA:19,1
DA:21,3
DA:23,3
DA:25,1
DA:28,2
DA:29,1
DA:30,2
LF:8
LH:8
end_of_record
SF:lib\core\errors\failures.dart
DA:4,5
DA:5,5
LF:2
LH:2
end_of_record
SF:lib\app\domain\entities\iss_location_map_entity.dart
DA:8,4
DA:13,1
DA:14,3
LF:3
LH:3
end_of_record
SF:lib\app\data\repositories\people_in_space_repository.dart
DA:16,1
DA:23,1
DA:25,3
DA:27,3
DA:28,2
DA:29,1
DA:31,1
DA:35,3
DA:36,1
DA:37,1
DA:38,2
DA:39,1
DA:40,2
LF:13
LH:13
end_of_record
SF:lib\app\domain\usecases\get_iss_location_map_usecase.dart
DA:11,1
DA:15,1
DA:17,2
LF:3
LH:3
end_of_record
SF:lib\core\usecases\usecase.dart
DA:10,2
DA:11,2
LF:2
LH:2
end_of_record
SF:lib\app\domain\usecases\get_peoples_in_space_usecase.dart
DA:11,1
DA:13,1
DA:15,2
LF:3
LH:3
end_of_record
SF:lib\app\external\datasources\iss_location_map_remote_datasource.dart
DA:11,1
DA:14,1
DA:17,3
DA:19,1
DA:21,2
DA:22,1
DA:23,2
DA:24,1
DA:25,3
DA:26,3
DA:30,1
DA:32,1
LF:12
LH:12
end_of_record
SF:lib\app\external\http\http_client.dart
DA:7,1
DA:10,1
DA:12,3
LF:3
LH:3
end_of_record
SF:lib\app\external\datasources\people_in_space_remote_datasource.dart
DA:9,1
DA:12,1
DA:15,3
DA:17,1
DA:19,2
DA:20,1
DA:23,3
DA:24,1
DA:26,1
DA:28,1
LF:10
LH:10
end_of_record
SF:lib\app\internal\datasources\people_in_space_local_datasource.dart
DA:13,1
DA:16,1
DA:19,1
DA:21,3
DA:24,1
DA:27,1
DA:32,1
DA:35,3
DA:39,3
DA:40,1
DA:44,1
LF:11
LH:11
end_of_record
SF:lib\app\internal\local_storage\local_storage.dart
DA:7,1
DA:9,1
DA:12,2
DA:19,1
DA:21,3
LF:5
LH:5
end_of_record
SF:lib\app\presentation\pages\home\home_controller.dart
DA:6,1
DA:7,2
DA:10,1
DA:11,2
LF:4
LH:4
end_of_record
SF:lib\app\presentation\pages\peoples_in_space\peoples_in_space_controller.dart
DA:10,1
DA:12,1
DA:13,3
DA:15,4
DA:17,2
DA:18,3
DA:19,1
DA:20,3
DA:24,1
DA:25,2
LF:10
LH:10
end_of_record
SF:lib\app\presentation\pages\peoples_in_space\peoples_in_space_state.dart
DA:9,4
DA:15,4
DA:17,3
DA:19,3
DA:25,3
DA:26,3
LF:6
LH:6
end_of_record
SF:lib\app\presentation\pages\home\home_page.dart
DA:10,1
DA:12,1
DA:14,1
DA:15,1
DA:21,0
DA:23,0
DA:24,0
DA:27,1
DA:29,1
DA:30,1
DA:31,1
DA:32,1
DA:33,1
DA:35,1
DA:36,1
DA:37,1
DA:41,2
DA:44,1
DA:45,1
DA:46,1
DA:48,2
DA:50,1
DA:51,1
DA:52,1
DA:55,1
DA:56,1
DA:62,2
LF:27
LH:24
end_of_record
SF:lib\app\presentation\pages\iss_location_map\iss_location_map_page.dart
DA:13,2
DA:15,1
DA:16,1
DA:24,1
DA:26,2
DA:27,2
DA:28,0
DA:31,0
DA:33,0
DA:34,0
DA:35,0
DA:38,0
DA:40,0
DA:43,0
DA:44,0
DA:46,0
DA:47,0
DA:48,0
DA:49,0
DA:54,0
DA:56,0
DA:57,0
DA:63,0
DA:64,0
DA:65,0
DA:66,0
DA:67,0
DA:68,0
DA:69,0
DA:73,0
DA:74,0
DA:77,0
DA:79,0
DA:80,0
DA:81,0
DA:82,0
DA:83,0
DA:84,0
DA:89,0
DA:90,0
DA:91,0
DA:92,0
DA:95,0
DA:96,0
DA:97,0
DA:105,0
LF:46
LH:6
end_of_record
SF:lib\app\presentation\pages\peoples_in_space\peoples_in_space_page.dart
DA:13,2
DA:15,2
DA:17,2
DA:18,2
DA:25,2
DA:26,6
DA:28,8
DA:29,1
DA:31,4
DA:36,2
DA:38,2
DA:39,2
DA:42,1
DA:44,2
DA:45,1
DA:48,2
DA:50,2
DA:51,2
DA:57,2
DA:58,2
DA:59,2
DA:60,2
DA:61,2
DA:62,2
DA:63,2
DA:64,4
DA:65,4
DA:67,2
DA:68,3
DA:69,3
DA:73,4
LF:31
LH:31
end_of_record
SF:lib\core\dependency_injection\dependency_injection_config.dart
DA:31,12
DA:33,0
DA:34,0
DA:35,0
DA:36,0
DA:40,0
DA:41,0
DA:42,0
DA:43,0
DA:46,0
DA:47,0
DA:48,0
DA:53,0
DA:54,0
DA:55,0
DA:58,0
DA:59,0
DA:60,0
DA:64,0
DA:65,0
DA:66,0
DA:67,0
DA:70,0
DA:71,0
DA:72,0
DA:76,0
DA:77,0
DA:78,0
DA:83,0
DA:84,0
DA:85,0
DA:86,0
DA:88,0
DA:90,0
DA:94,0
DA:95,0
DA:96,0
DA:98,0
DA:103,0
DA:104,0
DA:105,0
DA:106,0
DA:110,0
DA:111,0
DA:112,0
DA:117,0
DA:118,0
DA:119,0
DA:120,0
DA:123,0
DA:124,0
DA:126,0
DA:127,0
DA:128,0
DA:131,0
DA:132,0
DA:133,0
DA:138,0
DA:139,0
DA:140,0
DA:141,0
DA:142,0
DA:143,0
DA:144,0
DA:145,0
LF:65
LH:1
end_of_record
SF:lib\app\presentation\pages\iss_location_map\iss_location_map_controller.dart
DA:20,0
DA:24,0
DA:25,0
DA:27,0
DA:28,0
DA:29,0
DA:30,0
DA:31,0
DA:33,0
DA:34,0
DA:35,0
DA:40,0
DA:41,0
DA:42,0
DA:44,0
DA:45,0
DA:47,0
DA:53,0
DA:54,0
DA:57,0
DA:58,0
DA:59,0
LF:22
LH:0
end_of_record
SF:lib\app\presentation\pages\iss_location_map\iss_location_map_state.dart
DA:10,0
DA:16,0
DA:21,0
DA:22,0
DA:27,0
DA:31,0
DA:34,0
LF:7
LH:0
end_of_record
SF:lib\app\presentation\utils\show_snackbar.dart
DA:6,2
DA:7,2
DA:11,1
DA:18,1
DA:19,5
DA:20,1
DA:23,2
DA:27,2
DA:29,2
DA:30,2
DA:33,2
DA:34,2
DA:37,2
DA:42,2
DA:46,2
DA:47,2
DA:49,2
DA:54,2
DA:62,10
DA:63,2
LF:20
LH:20
end_of_record
SF:lib\app\presentation\widgets\header_page.dart
DA:4,2
DA:8,2
DA:9,2
DA:10,4
DA:12,2
DA:15,2
DA:16,2
DA:18,2
DA:21,4
DA:24,2
DA:27,2
DA:31,2
DA:40,2
LF:13
LH:13
end_of_record
SF:lib\app\presentation\widgets\datatable_custom.dart
DA:10,3
DA:17,3
DA:19,3
DA:21,3
DA:22,3
DA:23,6
DA:24,1
DA:25,3
DA:26,3
DA:27,3
DA:29,3
DA:30,3
DA:31,3
DA:33,3
DA:34,3
DA:35,3
DA:36,3
DA:37,3
DA:38,4
DA:39,4
DA:42,3
LF:21
LH:21
end_of_record
SF:lib\app\presentation\pages\splash\splash_controller.dart
DA:7,1
DA:9,1
DA:10,3
DA:11,2
LF:4
LH:4
end_of_record
SF:lib\app\presentation\pages\splash\splash_page.dart
DA:8,2
DA:10,1
DA:11,1
DA:17,1
DA:19,2
DA:20,1
DA:23,1
DA:25,1
DA:26,1
DA:27,1
DA:29,1
DA:30,1
DA:32,1
DA:34,2
DA:38,1
DA:41,1
LF:16
LH:16
end_of_record
SF:lib\core\routes\routes_config.dart
DA:10,0
DA:11,0
DA:12,0
LF:3
LH:0
end_of_record
SF:lib\app\presentation\widgets\loading_widget.dart
DA:4,4
DA:6,2
DA:8,2
DA:11,2
DA:12,4
DA:13,2
DA:16,4
LF:7
LH:7
end_of_record
SF:lib\core\network_status\network_status.dart
DA:7,0
DA:9,0
DA:10,0
DA:12,0
DA:16,0
LF:5
LH:0
end_of_record
SF:lib\core\routes\routes.dart
DA:8,0
DA:10,0
DA:14,0
DA:15,0
DA:18,0
DA:23,0
DA:24,0
DA:28,0
DA:30,0
LF:9
LH:0
end_of_record
