SF:lib\app\data\models\people_in_space_model.dart
DA:4,2
DA:7,2
DA:12,1
DA:13,1
DA:14,1
DA:15,1
LF:6
LH:6
end_of_record
SF:lib\app\domain\entities\people_in_space_entity.dart
DA:7,4
DA:12,1
DA:13,3
LF:3
LH:3
end_of_record
SF:lib\core\errors\failures.dart
DA:4,2
DA:5,2
LF:2
LH:2
end_of_record
SF:lib\app\domain\usecases\get_peoples_in_space_usecase.dart
DA:11,1
DA:13,1
DA:15,2
LF:3
LH:3
end_of_record
SF:lib\core\usecases\usecase.dart
DA:10,1
DA:11,1
LF:2
LH:2
end_of_record
SF:lib\app\data\repositories\people_in_space_repository.dart
DA:16,1
DA:23,1
DA:25,3
DA:27,3
DA:28,2
DA:29,1
DA:31,1
DA:35,3
DA:36,1
DA:37,1
DA:38,2
DA:39,1
DA:40,2
LF:13
LH:13
end_of_record
